<?xml version="1.0" encoding="UTF-8"?>
<Site BuildName="(empty)"
	BuildStamp="20240811-1114-Experimental"
	Name="abdelrahman"
	Generator="ctest-3.16.3"
	CompilerName="/usr/bin/c++"
	CompilerVersion="9.4.0"
	OSName="Linux"
	Hostname="abdelrahman"
	OSRelease="5.15.0-117-generic"
	OSVersion="#127~20.04.1-Ubuntu SMP Thu Jul 11 15:36:12 UTC 2024"
	OSPlatform="x86_64"
	Is64Bits="1"
	VendorString="GenuineIntel"
	VendorID="Intel Corporation"
	FamilyID="6"
	ModelID="78"
	ProcessorCacheSize="4096"
	NumberOfLogicalCPU="4"
	NumberOfPhysicalCPU="2"
	TotalVirtualMemory="15623"
	TotalPhysicalMemory="7829"
	LogicalProcessorsPerPhysical="2"
	ProcessorClockFrequency="2801.54"
	>
	<Testing>
		<StartDateTime>Aug 11 18:01 EEST</StartDateTime>
		<StartTestTime>1723388460</StartTestTime>
		<TestList/>
		<EndDateTime>Aug 11 18:01 EEST</EndDateTime>
		<EndTestTime>1723388460</EndTestTime>
		<ElapsedMinutes>0</ElapsedMinutes>
	</Testing>
</Site>
